[2019-11-25 20:22:29] START
[2019-11-25 20:32:09] EDIT Oink/views/default/index.html: -45
[2019-11-25 20:32:25] EDIT Oink/views/default/index.html: 3
[2019-11-25 20:32:49] EDIT Oink/views/default/index.html: 3
[2019-11-25 20:34:06] EDIT Oink/models/db.py: -54
[2019-11-25 20:44:25] EDIT Oink/models/db.py: 8
[2019-11-25 20:44:35] EDIT Oink/models/db.py: 0
[2019-11-25 20:44:40] EDIT Oink/models/db.py: 0
[2019-11-25 20:45:18] EDIT Oink/models/db.py: 2
[2019-11-25 20:46:48] EDIT Oink/models/db.py: 0
[2019-11-25 20:50:57] EDIT Oink/models/db.py: 0
[2019-11-25 20:51:02] EDIT Oink/models/db.py: 0
[2019-11-25 20:53:07] EDIT Oink/models/db.py: -3
[2019-11-25 20:55:43] EDIT Oink/models/db.py: 0
[2019-11-25 21:02:40] EDIT Oink/models/db.py: 0
[2019-11-25 21:07:23] EDIT Oink/models/db.py: 3
[2019-11-25 21:07:27] EDIT Oink/models/db.py: 0
[2019-11-25 21:09:32] EDIT Oink/models/db.py: 0
[2019-11-25 21:10:38] EDIT Oink/models/db.py: 0
[2019-11-25 21:11:27] EDIT Oink/models/db.py: 0
[2019-11-25 21:17:00] EDIT Oink/controllers/default.py: -39
[2019-11-25 21:20:13] EDIT Oink/models/menu.py: -94
[2019-11-25 22:01:37] EDIT Oink/models/db.py: 9
[2019-11-25 22:05:17] EDIT Oink/models/db.py: 11
[2019-11-25 22:09:09] EDIT Oink/models/db.py: 0
[2019-11-25 22:13:54] EDIT Oink/models/db.py: 17
[2019-11-25 22:14:15] EDIT Oink/models/db.py: -9
[2019-11-25 22:14:37] EDIT Oink/models/db.py: 10
[2019-11-25 22:16:16] EDIT Oink/models/db.py: 12
[2019-11-25 22:51:25] EDIT Oink/models/db.py: 12
[2019-11-25 22:51:39] EDIT Oink/models/db.py: -1
[2019-11-25 22:52:22] EDIT Oink/models/db.py: 16
[2019-11-25 22:52:24] EDIT Oink/models/db.py: -1
[2019-11-25 22:54:00] EDIT Oink/models/db.py: -7
[2019-11-25 22:56:13] EDIT Oink/views/default/index.html: 0
[2019-11-25 22:56:35] EDIT Oink/views/default/index.html: -1
[2019-11-25 22:56:40] EDIT Oink/views/default/index.html: 1
[2019-11-25 22:58:36] CREATE default/semen_manager.html: 0
[2019-11-25 23:01:14] EDIT Oink/controllers/default.py: 3
[2019-11-25 23:02:42] EDIT Oink/views/default/semen_manager.html: 1
[2019-11-25 23:02:44] EDIT Oink/views/default/semen_manager.html: -1
[2019-11-25 23:03:02] EDIT Oink/views/default/semen_manager.html: 0
[2019-11-25 23:04:26] EDIT Oink/controllers/default.py: 2
[2019-11-25 23:12:30] EDIT Oink/models/db.py: 0
[2019-11-25 23:12:32] EDIT Oink/models/db.py: 0
[2019-11-25 23:14:08] EDIT Oink/models/db.py: -2
[2019-11-25 23:14:12] EDIT Oink/models/db.py: 2
[2019-11-25 23:14:14] EDIT Oink/models/db.py: -3
[2019-11-25 23:14:15] EDIT Oink/models/db.py: 0
[2019-11-25 23:15:56] EDIT Oink/models/db.py: 3
[2019-11-25 23:17:40] EDIT Oink/models/db.py: 0
[2019-11-25 23:17:48] EDIT Oink/models/db.py: 0
[2019-11-25 23:19:11] EDIT Oink/models/db.py: 0
[2019-11-25 23:21:02] EDIT Oink/models/menu.py: 1
[2019-11-25 23:22:44] EDIT Oink/views/layout.html: -3
[2019-11-25 23:22:59] EDIT Oink/views/layout.html: 3
[2019-11-25 23:24:10] EDIT Oink/controllers/default.py: 3
[2019-11-25 23:24:22] CREATE default/cerda_manager.html: 0
[2019-11-25 23:24:43] EDIT Oink/views/default/cerda_manager.html: 0
[2019-11-25 23:25:31] EDIT Oink/models/menu.py: 1
[2019-11-25 23:26:25] EDIT Oink/models/db.py: 0
[2019-11-25 23:27:59] EDIT Oink/models/db.py: 0
[2019-11-25 23:29:53] EDIT Oink/models/db.py: 0
[2019-11-25 23:30:17] EDIT Oink/models/db.py: 0
[2019-11-25 23:36:52] EDIT Oink/models/db.py: 0
[2019-11-25 23:37:19] EDIT Oink/models/menu.py: 1
[2019-11-25 23:37:26] CREATE default/monta_manager.html: 0
[2019-11-25 23:37:41] EDIT Oink/views/default/monta_manager.html: 0
[2019-11-25 23:37:57] EDIT Oink/models/menu.py: 0
[2019-11-25 23:38:33] EDIT Oink/controllers/default.py: 3
[2019-11-25 23:38:38] EDIT Oink/views/default/monta_manager.html: 0
[2019-11-25 23:40:55] EDIT Oink/controllers/default.py: 0
[2019-11-25 23:41:31] EDIT Oink/controllers/default.py: 3
[2019-11-25 23:42:18] EDIT Oink/models/db.py: 1
[2019-11-25 23:42:47] EDIT Oink/models/db.py: 0
[2019-11-25 23:43:06] EDIT Oink/models/db.py: 0
[2019-11-25 23:43:16] CREATE default/tareasgestacion_manager.html: 0
[2019-11-25 23:43:26] EDIT Oink/views/default/tareasgestacion_manager.html: 0
[2019-11-25 23:43:29] EDIT Oink/controllers/default.py: 0
[2019-11-25 23:43:54] EDIT Oink/models/menu.py: 1
[2019-11-25 23:44:26] EDIT Oink/views/default/tareasgestacion_manager.html: 0
[2019-11-25 23:44:46] EDIT Oink/views/layout.html: 0
[2019-11-25 23:45:00] CREATE default/parto_manager.html: 0
[2019-11-25 23:45:12] EDIT Oink/views/default/parto_manager.html: 0
[2019-11-25 23:45:16] EDIT Oink/views/default/parto_manager.html: 0
[2019-11-25 23:45:44] EDIT Oink/controllers/default.py: 3
[2019-11-25 23:46:00] EDIT Oink/models/menu.py: 1
[2019-11-25 23:46:09] EDIT Oink/models/menu.py: 0
[2019-11-25 23:47:38] CREATE default/lechon_manager.html: 0
[2019-11-25 23:47:49] EDIT Oink/views/default/lechon_manager.html: 0
[2019-11-25 23:47:54] EDIT Oink/views/default/lechon_manager.html: 0
[2019-11-25 23:48:21] EDIT Oink/controllers/default.py: 3
[2019-11-25 23:48:30] EDIT Oink/models/menu.py: 1
[2019-11-25 23:48:34] EDIT Oink/models/menu.py: 0
[2019-11-25 23:50:10] EDIT Oink/models/db.py: 1
[2019-11-25 23:50:44] EDIT Oink/models/db.py: 1
[2019-11-25 23:51:30] EDIT Oink/controllers/default.py: 3
[2019-11-25 23:51:43] EDIT Oink/models/menu.py: 1
[2019-11-25 23:51:51] EDIT Oink/models/menu.py: 0
[2019-11-25 23:51:54] CREATE default/tratamiento_manager.html: 0
[2019-11-25 23:52:10] EDIT Oink/views/default/tratamiento_manager.html: 0
[2019-11-25 23:53:27] EDIT Oink/controllers/default.py: 3
[2019-11-25 23:53:33] CREATE default/vacuna_manager.html: 0
[2019-11-25 23:53:55] EDIT Oink/views/default/vacuna_manager.html: 0
[2019-11-25 23:54:23] EDIT Oink/models/menu.py: 1
[2019-11-25 23:54:27] EDIT Oink/models/menu.py: 0
[2019-11-25 23:54:57] EDIT Oink/models/db.py: 1
[2019-11-26 03:43:19] EDIT Oink/models/db.py: 0
[2019-11-26 03:43:25] EDIT Oink/controllers/default.py: 0
[2019-11-26 03:43:28] EDIT Oink/views/default/index.html: 0
[2019-11-26 03:43:30] EDIT Oink/models/menu.py: 0
[2019-11-26 03:43:32] EDIT Oink/views/default/semen_manager.html: 0
[2019-11-26 03:43:33] EDIT Oink/views/default/tareasgestacion_manager.html: 0
[2019-11-26 03:43:35] EDIT Oink/views/default/lechon_manager.html: 0
[2019-11-26 03:43:36] EDIT Oink/views/default/tratamiento_manager.html: 0
[2019-11-26 03:43:40] EDIT Oink/views/default/vacuna_manager.html: 0
[2019-11-26 07:17:51] EDIT Oink/models/db.py: 2
[2019-11-26 07:18:02] EDIT Oink/models/db.py: 0
[2019-11-26 07:18:04] EDIT Oink/models/db.py: 0
[2019-11-26 07:19:36] EDIT Oink/models/db.py: -2
[2019-11-26 07:35:57] EDIT Oink/models/db.py: 1
[2019-11-26 07:36:31] EDIT Oink/models/db.py: 0
[2019-11-26 07:37:01] EDIT Oink/models/db.py: 0
[2019-11-26 07:38:21] EDIT Oink/models/db.py: 1
[2019-11-26 07:38:59] EDIT Oink/models/db.py: -1
[2019-11-26 07:39:19] EDIT Oink/models/db.py: 1
[2019-11-26 07:40:28] EDIT Oink/models/db.py: 0
[2019-11-26 07:42:04] EDIT Oink/models/db.py: 1
[2019-11-26 07:42:49] EDIT Oink/models/db.py: 0
[2019-11-26 07:42:52] EDIT Oink/models/db.py: -1
[2019-11-26 07:45:21] EDIT Oink/models/db.py: 1
[2019-11-26 07:47:53] EDIT Oink/models/db.py: -1
[2019-11-26 07:48:08] EDIT Oink/models/db.py: 0
[2019-11-26 07:54:14] EDIT Oink/models/db.py: 0
[2019-11-26 07:55:24] EDIT Oink/models/db.py: 1
[2019-11-26 07:55:26] EDIT Oink/models/db.py: 0
[2019-11-26 07:59:58] EDIT Oink/models/db.py: -1
[2019-11-26 08:01:41] EDIT Oink/models/db.py: 0
[2019-11-26 08:12:05] EDIT Oink/models/db.py: 0
[2019-11-26 08:12:28] EDIT Oink/models/db.py: 0
[2019-11-26 08:12:51] EDIT Oink/models/db.py: 0
[2019-11-26 08:13:34] EDIT Oink/models/db.py: 0
[2019-11-26 08:13:35] EDIT Oink/models/db.py: 0
[2019-11-26 08:13:47] EDIT Oink/models/db.py: 0
[2019-11-26 08:14:11] EDIT Oink/models/db.py: 0
[2019-11-26 08:15:28] EDIT Oink/models/db.py: 1
[2019-11-26 08:16:50] EDIT Oink/models/db.py: -1
[2019-11-26 08:16:52] EDIT Oink/models/db.py: 0
[2019-11-26 08:27:36] EDIT Oink/models/db.py: 1
[2019-11-26 08:27:45] EDIT Oink/models/db.py: -1
[2019-11-26 08:28:16] EDIT Oink/models/db.py: 1
[2019-11-26 08:28:50] EDIT Oink/models/db.py: 0
[2019-11-26 08:29:04] EDIT Oink/models/db.py: 0
[2019-11-26 08:52:02] EDIT Oink/models/db.py: 1
[2019-11-26 08:52:16] EDIT Oink/models/db.py: -3
[2019-11-26 08:52:42] EDIT Oink/models/db.py: 1
[2019-11-26 08:55:28] EDIT Oink/models/db.py: 2
[2019-11-26 08:59:50] EDIT Oink/views/default/lechon_manager.html: 2
[2019-11-26 09:01:16] EDIT Oink/views/default/lechon_manager.html: 1
[2019-11-26 09:03:20] EDIT Oink/controllers/default.py: 0
[2019-11-26 09:03:23] EDIT Oink/controllers/default.py: 0
[2019-11-26 09:04:08] EDIT Oink/views/default/lechon_manager.html: 0
[2019-11-26 09:04:22] EDIT Oink/views/default/lechon_manager.html: 0
[2019-11-26 09:09:52] EDIT Oink/views/default/lechon_manager.html: 8
[2019-11-26 09:12:25] EDIT Oink/views/default/lechon_manager.html: 8
[2019-11-26 09:12:45] EDIT Oink/views/default/lechon_manager.html: 0
[2019-11-26 09:12:48] EDIT Oink/views/default/lechon_manager.html: 0
[2019-11-26 09:35:52] EDIT Oink/views/default/lechon_manager.html: 8
[2019-11-26 09:36:00] EDIT Oink/views/default/lechon_manager.html: 0
[2019-11-26 09:37:17] EDIT Oink/views/default/lechon_manager.html: 8
[2019-11-26 09:38:07] EDIT Oink/views/default/lechon_manager.html: 16
[2019-11-26 09:38:33] EDIT Oink/views/default/lechon_manager.html: 0
[2019-11-26 09:38:37] EDIT Oink/views/default/lechon_manager.html: 0
[2019-11-26 09:38:50] EDIT Oink/views/default/lechon_manager.html: 0
[2019-11-26 10:13:11] EDIT Oink/models/db.py: 0
[2019-11-26 10:13:46] EDIT Oink/controllers/default.py: 0
[2019-11-26 10:14:08] EDIT Oink/views/default/lechon_manager.html: -51
[2019-11-26 10:37:16] EDIT Oink/models/db.py: 0
[2019-11-26 10:37:42] EDIT Oink/controllers/default.py: 0
[2019-11-26 10:37:45] EDIT Oink/controllers/default.py: 0
[2019-11-26 10:38:41] EDIT Oink/controllers/default.py: 0
[2019-11-26 10:42:17] CREATE default/lechon_crear.html: 0
[2019-11-26 10:42:58] EDIT Oink/views/default/lechon_manager.html: 0
[2019-11-26 10:43:02] EDIT Oink/views/default/lechon_crear.html: 51
[2019-11-26 10:45:36] EDIT Oink/views/default/lechon_manager.html: 1
[2019-11-26 10:46:23] EDIT Oink/controllers/default.py: 3
[2019-11-26 10:48:03] EDIT Oink/views/default/lechon_crear.html: 8
[2019-11-26 10:48:15] EDIT Oink/views/default/lechon_crear.html: 0
[2019-11-26 10:52:51] EDIT Oink/views/default/lechon_crear.html: 1
[2019-11-26 10:52:56] EDIT Oink/views/default/lechon_crear.html: 0
[2019-11-26 10:55:25] EDIT Oink/controllers/default.py: 3
[2019-11-26 10:57:16] EDIT Oink/controllers/default.py: 0
[2019-11-26 10:57:53] EDIT Oink/controllers/default.py: 0
[2019-11-26 10:58:35] EDIT Oink/controllers/default.py: 4
[2019-11-26 10:59:19] EDIT Oink/controllers/default.py: 0
[2019-11-26 11:00:27] EDIT Oink/controllers/default.py: 0
[2019-11-26 11:13:24] EDIT Oink/controllers/default.py: 0
[2019-11-26 11:26:20] EDIT Oink/controllers/default.py: 3
[2019-11-26 11:27:45] EDIT Oink/controllers/default.py: 2
[2019-11-26 11:27:47] EDIT Oink/controllers/default.py: 0
[2019-11-26 11:27:58] EDIT Oink/controllers/default.py: 0
[2019-11-26 11:28:29] CREATE default/monta_crear.html: 0
[2019-11-26 11:28:46] EDIT Oink/views/default/monta_crear.html: 60
[2019-11-26 11:28:51] EDIT Oink/views/default/monta_crear.html: 0
[2019-11-26 11:28:57] EDIT Oink/views/default/monta_crear.html: 0
[2019-11-26 11:29:35] EDIT Oink/controllers/default.py: 1
[2019-11-26 11:29:37] EDIT Oink/controllers/default.py: 0
[2019-11-26 11:29:42] EDIT Oink/views/default/monta_crear.html: 0
[2019-11-26 11:29:46] EDIT Oink/views/default/monta_crear.html: 0
[2019-11-26 11:31:53] EDIT Oink/views/default/monta_crear.html: 6
[2019-11-26 11:32:07] EDIT Oink/views/default/monta_crear.html: 0
[2019-11-26 11:32:32] EDIT Oink/views/default/monta_crear.html: -24
[2019-11-26 11:32:40] EDIT Oink/views/default/monta_crear.html: -6
[2019-11-26 11:33:14] EDIT Oink/views/default/monta_manager.html: 1
[2019-11-26 11:33:40] EDIT Oink/controllers/default.py: 0
[2019-11-26 11:34:25] EDIT Oink/controllers/default.py: 0
[2019-11-26 11:34:45] EDIT Oink/controllers/default.py: 1
[2019-11-26 11:34:53] EDIT Oink/controllers/default.py: 0
[2019-11-26 11:35:28] EDIT Oink/controllers/default.py: 0
[2019-11-26 11:35:40] EDIT Oink/controllers/default.py: 0
[2019-11-26 11:36:48] EDIT Oink/controllers/default.py: 1
[2019-11-26 11:36:55] EDIT Oink/controllers/default.py: -1
[2019-11-26 11:37:37] EDIT Oink/controllers/default.py: 0
[2019-11-26 11:37:44] EDIT Oink/controllers/default.py: 0
[2019-11-26 11:37:59] EDIT Oink/controllers/default.py: 0
[2019-11-26 11:41:11] EDIT Oink/controllers/default.py: 0
[2019-11-26 11:41:27] EDIT Oink/controllers/default.py: 0
[2019-11-26 11:42:00] EDIT Oink/controllers/default.py: 0
[2019-11-26 11:54:52] EDIT Oink/controllers/default.py: 2
[2019-11-26 12:06:57] EDIT Oink/controllers/default.py: 0
[2019-11-26 12:07:26] EDIT Oink/controllers/default.py: 0
[2019-11-26 12:11:35] EDIT Oink/controllers/default.py: 0
[2019-11-26 12:13:01] EDIT Oink/controllers/default.py: 0
[2019-11-26 12:13:03] EDIT Oink/views/default/semen_manager.html: 0
[2019-11-26 12:13:08] EDIT Oink/views/default/monta_manager.html: 0
[2019-11-26 12:13:10] EDIT Oink/views/default/lechon_manager.html: 0
[2019-11-26 12:13:10] EDIT Oink/views/default/lechon_crear.html: 0
[2019-11-26 12:13:13] EDIT Oink/views/default/monta_crear.html: 0
[2019-11-26 12:13:13] EDIT Oink/controllers/default.py: 0
[2019-11-26 12:13:15] EDIT Oink/models/db.py: 0
[2019-11-27 07:33:36] EDIT Oink/controllers/default.py: 0
[2019-11-27 07:54:53] EDIT Oink/controllers/default.py: 1
[2019-11-27 07:55:08] EDIT Oink/controllers/default.py: 0
[2019-11-27 07:57:31] EDIT Oink/controllers/default.py: 1
[2019-11-27 08:00:29] EDIT Oink/controllers/default.py: 3
[2019-11-27 08:07:12] EDIT Oink/models/db.py: 0
[2019-11-27 08:07:46] EDIT Oink/controllers/default.py: 2
[2019-11-27 08:08:55] EDIT Oink/models/db.py: 0
[2019-11-27 08:13:46] EDIT Oink/controllers/default.py: 0
[2019-11-27 08:17:18] EDIT Oink/controllers/default.py: 0
[2019-11-27 08:18:18] EDIT Oink/controllers/default.py: 0
[2019-11-27 08:18:22] EDIT Oink/controllers/default.py: 0
[2019-11-27 08:19:03] EDIT Oink/controllers/default.py: 0
[2019-11-27 09:01:07] EDIT Oink/controllers/default.py: 3
[2019-11-27 09:01:55] EDIT Oink/controllers/default.py: 3
[2019-11-27 09:07:08] EDIT Oink/controllers/default.py: 3
[2019-11-27 09:07:28] EDIT Oink/controllers/default.py: 0
[2019-11-27 09:07:58] EDIT Oink/controllers/default.py: -1
[2019-11-27 09:08:21] EDIT Oink/controllers/default.py: 0
[2019-11-27 09:09:28] EDIT Oink/controllers/default.py: 2
[2019-11-27 09:21:28] EDIT Oink/controllers/default.py: 0
[2019-11-27 10:03:38] EDIT Oink/controllers/default.py: -9
[2019-11-27 10:04:41] EDIT Oink/models/db.py: 1
[2019-11-27 10:05:58] EDIT Oink/controllers/default.py: -1
[2019-11-27 10:06:54] EDIT Oink/controllers/default.py: 1
[2019-11-27 10:07:35] EDIT Oink/controllers/default.py: 1
[2019-11-27 10:07:54] EDIT Oink/models/db.py: 0
[2019-11-27 10:08:30] EDIT Oink/controllers/default.py: 0
[2019-11-27 10:08:57] EDIT Oink/controllers/default.py: 0
[2019-11-27 10:09:38] EDIT Oink/controllers/default.py: 0
[2019-11-27 10:12:28] EDIT Oink/controllers/default.py: 1
[2019-11-27 10:12:39] EDIT Oink/controllers/default.py: 0
[2019-11-27 10:13:23] EDIT Oink/controllers/default.py: 7
[2019-11-27 10:13:30] EDIT Oink/controllers/default.py: 0
[2019-11-27 10:16:05] EDIT Oink/controllers/default.py: 0
[2019-11-27 10:19:25] EDIT Oink/controllers/default.py: 0
[2019-11-27 10:20:24] EDIT Oink/controllers/default.py: 1
[2019-11-27 10:20:47] EDIT Oink/controllers/default.py: 0
[2019-11-27 10:21:49] EDIT Oink/controllers/default.py: 1
[2019-11-27 10:21:56] EDIT Oink/controllers/default.py: -1
[2019-11-27 10:23:21] EDIT Oink/models/db.py: 0
[2019-11-27 10:24:05] EDIT Oink/controllers/default.py: 1
[2019-11-27 10:24:13] EDIT Oink/controllers/default.py: -1
[2019-11-27 10:25:03] EDIT Oink/models/db.py: 1
[2019-11-27 10:25:31] EDIT Oink/models/db.py: 0
[2019-11-27 10:25:50] EDIT Oink/models/db.py: 0
[2019-11-27 10:27:06] EDIT Oink/models/db.py: 0
[2019-11-27 10:27:14] EDIT Oink/models/db.py: 0
[2019-11-27 10:28:24] EDIT Oink/models/db.py: -1
[2019-11-27 10:28:36] EDIT Oink/models/db.py: 0
[2019-11-27 10:28:56] EDIT Oink/controllers/default.py: 1
[2019-11-27 10:29:36] EDIT Oink/controllers/default.py: -1
[2019-11-27 10:31:01] EDIT Oink/controllers/default.py: -1
[2019-11-27 10:31:34] EDIT Oink/controllers/default.py: 1
[2019-11-27 10:31:36] EDIT Oink/controllers/default.py: 0
[2019-11-27 10:31:50] EDIT Oink/controllers/default.py: 0
[2019-11-27 10:32:14] EDIT Oink/controllers/default.py: 0
[2019-11-27 10:33:28] EDIT Oink/controllers/default.py: 0
[2019-11-27 10:33:50] EDIT Oink/controllers/default.py: 0
[2019-11-27 10:34:26] EDIT Oink/controllers/default.py: 1
[2019-11-27 10:34:46] EDIT Oink/controllers/default.py: 0
[2019-11-27 10:34:58] EDIT Oink/controllers/default.py: 0
[2019-11-27 10:35:06] EDIT Oink/controllers/default.py: -1
[2019-11-27 10:37:05] EDIT Oink/controllers/default.py: 1
[2019-11-27 10:37:06] EDIT Oink/controllers/default.py: 0
[2019-11-27 10:37:10] EDIT Oink/controllers/default.py: 0
[2019-11-27 10:37:24] EDIT Oink/controllers/default.py: 0
[2019-11-27 10:37:33] EDIT Oink/controllers/default.py: -1
[2019-11-27 10:40:52] EDIT Oink/models/db.py: 1
[2019-11-27 10:40:59] EDIT Oink/controllers/default.py: 0
[2019-11-27 10:41:22] EDIT Oink/controllers/default.py: 0
[2019-11-27 11:02:26] EDIT Oink/models/db.py: 0
[2019-11-27 11:02:34] EDIT Oink/models/db.py: 0
[2019-11-27 11:06:39] EDIT Oink/models/db.py: 0
[2019-11-27 11:06:41] EDIT Oink/models/db.py: 0
[2019-11-27 11:07:13] EDIT Oink/models/db.py: 0
[2019-11-27 11:13:25] EDIT Oink/views/default/monta_crear.html: 8
[2019-11-27 11:14:02] EDIT Oink/models/db.py: 0
[2019-11-27 11:14:03] EDIT Oink/models/db.py: 0
[2019-11-27 11:14:38] EDIT Oink/models/db.py: 0
[2019-11-27 11:16:04] EDIT Oink/views/default/monta_crear.html: -8
[2019-11-27 11:16:28] EDIT Oink/models/db.py: 0
[2019-11-27 11:18:28] EDIT Oink/models/db.py: 0
[2019-11-27 11:18:30] EDIT Oink/models/db.py: -1
[2019-11-27 11:18:33] EDIT Oink/models/db.py: 0
[2019-11-27 11:21:11] EDIT Oink/models/db.py: 0
[2019-11-27 11:21:29] EDIT Oink/models/db.py: 0
[2019-11-27 11:21:38] EDIT Oink/models/db.py: 0
[2019-11-27 11:22:00] EDIT Oink/models/db.py: 0
[2019-11-27 11:23:20] EDIT Oink/models/db.py: 0
[2019-11-27 11:23:24] EDIT Oink/models/db.py: 0
[2019-11-27 11:23:31] EDIT Oink/models/db.py: 0
[2019-11-27 11:23:33] EDIT Oink/models/db.py: 0
[2019-11-27 11:25:12] EDIT Oink/views/default/monta_crear.html: 8
[2019-11-27 11:25:28] EDIT Oink/views/default/monta_crear.html: 0
[2019-11-27 11:27:49] EDIT Oink/models/db.py: 0
[2019-11-27 11:28:54] EDIT Oink/models/db.py: 0
[2019-11-27 11:32:11] EDIT Oink/models/db.py: 0
[2019-11-27 11:32:48] EDIT Oink/controllers/default.py: 1
[2019-11-27 11:33:03] EDIT Oink/controllers/default.py: -1
[2019-11-27 11:41:12] EDIT Oink/views/default/monta_crear.html: -8
[2019-11-27 11:45:27] EDIT Oink/views/default/monta_crear.html: 8
[2019-11-27 11:46:07] EDIT Oink/views/default/monta_crear.html: 0
[2019-11-27 11:46:42] EDIT Oink/views/default/monta_crear.html: 0
[2019-11-27 12:04:38] EDIT Oink/models/db.py: 0
[2019-11-27 12:04:57] EDIT Oink/models/db.py: 0
[2019-11-27 12:07:26] EDIT Oink/models/db.py: 0
[2019-11-27 12:13:14] CREATE monta_registrar_pre.html: 0
[2019-11-27 12:14:32] EDIT Oink/models/db.py: 0
[2019-11-27 12:17:03] EDIT Oink/models/db.py: 0
[2019-11-27 12:20:59] EDIT Oink/controllers/default.py: 16
[2019-11-27 12:21:05] EDIT Oink/controllers/default.py: 0
[2019-11-27 12:21:07] EDIT Oink/controllers/default.py: 0
[2019-11-27 12:21:11] EDIT Oink/controllers/default.py: 0
[2019-11-27 12:21:39] EDIT Oink/controllers/default.py: 0
[2019-11-27 12:21:48] EDIT Oink/controllers/default.py: 0
[2019-11-27 12:24:28] EDIT Oink/controllers/default.py: 0
[2019-11-27 12:26:07] EDIT Oink/views/monta_registrar_pre.html: 44
[2019-11-27 12:28:39] EDIT Oink/controllers/default.py: 0
[2019-11-27 12:39:49] EDIT Oink/controllers/default.py: -16
[2019-11-27 12:40:19] EDIT Oink/views/monta_registrar_pre.html: -47
[2019-11-27 12:45:45] EDIT Oink/views/default/monta_crear.html: 0
[2019-11-27 12:45:53] EDIT Oink/views/default/monta_crear.html: 0
[2019-11-27 12:47:09] EDIT Oink/models/db.py: 0
[2019-11-27 12:52:18] EDIT Oink/controllers/default.py: 0
[2019-11-27 12:54:44] EDIT Oink/controllers/default.py: 1
[2019-11-27 13:54:12] EDIT Oink/controllers/default.py: 17
[2019-11-27 13:54:50] EDIT Oink/controllers/default.py: 0
[2019-11-27 13:55:17] EDIT Oink/controllers/default.py: 0
[2019-11-27 13:56:13] EDIT Oink/controllers/default.py: 0
[2019-11-27 13:57:48] EDIT Oink/controllers/default.py: 0
[2019-11-27 14:01:28] EDIT Oink/controllers/default.py: -5
[2019-11-27 14:02:40] EDIT Oink/controllers/default.py: 0
[2019-11-27 14:02:45] EDIT Oink/controllers/default.py: -1
[2019-11-27 14:04:22] EDIT Oink/controllers/default.py: 0
[2019-11-27 14:13:07] EDIT Oink/controllers/default.py: 2
[2019-11-27 14:13:19] EDIT Oink/controllers/default.py: 0
[2019-11-27 14:13:25] EDIT Oink/controllers/default.py: 0
[2019-11-27 14:13:31] EDIT Oink/controllers/default.py: 0
[2019-11-27 14:15:01] EDIT Oink/controllers/default.py: 0
[2019-11-27 14:25:39] EDIT Oink/controllers/default.py: 0
[2019-11-27 14:25:56] EDIT Oink/controllers/default.py: 0
[2019-11-27 14:26:01] EDIT Oink/controllers/default.py: 0
[2019-11-27 14:28:28] EDIT Oink/controllers/default.py: 0
[2019-11-27 14:42:24] EDIT Oink/models/db.py: 0
[2019-11-27 14:48:56] EDIT Oink/models/db.py: 2
[2019-11-27 14:49:07] EDIT Oink/models/db.py: 0
[2019-11-27 14:49:14] EDIT Oink/models/db.py: 0
[2019-11-27 14:55:40] EDIT Oink/models/db.py: -1
[2019-11-27 14:56:32] EDIT Oink/models/db.py: 0
[2019-11-27 14:56:39] EDIT Oink/models/db.py: 0
[2019-11-27 14:58:54] EDIT Oink/controllers/default.py: 0
[2019-11-27 15:00:29] EDIT Oink/controllers/default.py: -2
[2019-11-27 15:01:18] EDIT Oink/controllers/default.py: 0
[2019-11-27 15:02:04] EDIT Oink/views/default/monta_crear.html: 0
[2019-11-27 15:02:06] EDIT Oink/models/db.py: 0
[2019-11-27 15:07:32] CREATE default/parto_crear.html: 0
[2019-11-27 16:45:00] EDIT Oink/controllers/default.py: 0
[2019-11-27 16:46:56] EDIT Oink/controllers/default.py: 0
[2019-11-27 16:48:55] EDIT Oink/controllers/default.py: 1
[2019-11-27 16:49:02] EDIT Oink/controllers/default.py: 1
[2019-11-27 16:51:05] EDIT Oink/controllers/default.py: 8
[2019-11-27 16:52:42] EDIT Oink/controllers/default.py: 0
[2019-11-27 16:54:45] EDIT Oink/controllers/default.py: 0
[2019-11-27 16:56:19] EDIT Oink/controllers/default.py: 0
[2019-11-27 16:56:23] EDIT Oink/controllers/default.py: 1
[2019-11-27 17:01:49] EDIT Oink/controllers/default.py: 6
[2019-11-27 17:02:34] EDIT Oink/controllers/default.py: 0
[2019-11-27 17:04:44] EDIT Oink/controllers/default.py: 1
[2019-11-27 17:07:00] EDIT Oink/controllers/default.py: 0
[2019-11-27 17:07:05] EDIT Oink/views/default/parto_crear.html: 0
[2019-11-27 17:07:06] EDIT Oink/views/default/monta_crear.html: 0
[2019-11-27 17:07:09] EDIT Oink/controllers/default.py: 0
[2019-11-27 17:07:12] EDIT Oink/models/db.py: 0
